--------------------------------------------------------------------------------
Release 14.7 Trace  (nt64)
Copyright (c) 1995-2013 Xilinx, Inc.  All rights reserved.

C:\Xilinx\14.7\ISE_DS\ISE\bin\nt64\unwrapped\trce.exe -intstyle ise -v 3 -s 3
-n 3 -fastpaths -xml top.twx top.ncd -o top.twr top.pcf -ucf pong_spartan6.ucf

Design file:              top.ncd
Physical constraint file: top.pcf
Device,package,speed:     xc6slx16,csg324,C,-3 (PRODUCTION 1.23 2013-10-13)
Report level:             verbose report

Environment Variable      Effect 
--------------------      ------ 
NONE                      No environment variables were set
--------------------------------------------------------------------------------

INFO:Timing:2698 - No timing constraints found, doing default enumeration.
INFO:Timing:3412 - To improve timing, see the Timing Closure User Guide (UG612).
INFO:Timing:2752 - To get complete path coverage, use the unconstrained paths 
   option. All paths that are not constrained will be reported in the 
   unconstrained paths section(s) of the report.
INFO:Timing:3339 - The clock-to-out numbers in this timing report are based on 
   a 50 Ohm transmission line loading model.  For the details of this model, 
   and for more information on accounting for different loading conditions, 
   please see the device datasheet.



Data Sheet report:
-----------------
All values displayed in nanoseconds (ns)

Setup/Hold to clock clk
------------+------------+------------+------------+------------+------------------+--------+
            |Max Setup to|  Process   |Max Hold to |  Process   |                  | Clock  |
Source      | clk (edge) |   Corner   | clk (edge) |   Corner   |Internal Clock(s) | Phase  |
------------+------------+------------+------------+------------+------------------+--------+
ps2c        |    0.885(R)|      FAST  |   -0.276(R)|      SLOW  |clk_BUFGP         |   0.000|
ps2d        |    1.112(R)|      FAST  |   -0.566(R)|      SLOW  |clk_BUFGP         |   0.000|
------------+------------+------------+------------+------------+------------------+--------+

Clock clk to Pad
------------+-----------------+------------+-----------------+------------+------------------+--------+
            |Max (slowest) clk|  Process   |Min (fastest) clk|  Process   |                  | Clock  |
Destination |  (edge) to PAD  |   Corner   |  (edge) to PAD  |   Corner   |Internal Clock(s) | Phase  |
------------+-----------------+------------+-----------------+------------+------------------+--------+
M           |         8.765(R)|      SLOW  |         4.424(R)|      FAST  |clk_BUFGP         |   0.000|
led<0>      |         9.865(R)|      SLOW  |         5.294(R)|      FAST  |clk_BUFGP         |   0.000|
led<1>      |         9.809(R)|      SLOW  |         5.243(R)|      FAST  |clk_BUFGP         |   0.000|
led<2>      |         9.909(R)|      SLOW  |         5.200(R)|      FAST  |clk_BUFGP         |   0.000|
led<3>      |         9.691(R)|      SLOW  |         5.064(R)|      FAST  |clk_BUFGP         |   0.000|
led<4>      |         9.376(R)|      SLOW  |         4.922(R)|      FAST  |clk_BUFGP         |   0.000|
led<5>      |         9.359(R)|      SLOW  |         4.892(R)|      FAST  |clk_BUFGP         |   0.000|
led<6>      |         9.243(R)|      SLOW  |         4.898(R)|      FAST  |clk_BUFGP         |   0.000|
led<7>      |         9.226(R)|      SLOW  |         4.868(R)|      FAST  |clk_BUFGP         |   0.000|
ps2c        |         8.881(R)|      SLOW  |         4.175(R)|      FAST  |clk_BUFGP         |   0.000|
ps2d        |         8.599(R)|      SLOW  |         4.176(R)|      FAST  |clk_BUFGP         |   0.000|
rgb<0>      |         8.073(R)|      SLOW  |         4.288(R)|      FAST  |clk_BUFGP         |   0.000|
rgb<2>      |         7.898(R)|      SLOW  |         4.127(R)|      FAST  |clk_BUFGP         |   0.000|
rgb<3>      |         6.336(R)|      SLOW  |         2.933(R)|      FAST  |clk_BUFGP         |   0.000|
rgb<4>      |         7.893(R)|      SLOW  |         4.213(R)|      FAST  |clk_BUFGP         |   0.000|
rgb<6>      |         6.349(R)|      SLOW  |         2.946(R)|      FAST  |clk_BUFGP         |   0.000|
rgb<7>      |         7.652(R)|      SLOW  |         4.013(R)|      FAST  |clk_BUFGP         |   0.000|
------------+-----------------+------------+-----------------+------------+------------------+--------+

Clock to Setup on destination clock clk
---------------+---------+---------+---------+---------+
               | Src:Rise| Src:Fall| Src:Rise| Src:Fall|
Source Clock   |Dest:Rise|Dest:Rise|Dest:Fall|Dest:Fall|
---------------+---------+---------+---------+---------+
clk            |    5.652|         |         |         |
---------------+---------+---------+---------+---------+


Analysis completed Tue Nov 04 14:27:28 2014 
--------------------------------------------------------------------------------

Trace Settings:
-------------------------
Trace Settings 

Peak Memory Usage: 227 MB



